{
  "RSpec": {
    "coverage": {
      "/Users/owl/voxie/app/models/user.rb": [
        null,
        1,
        null,
        null,
        null,
        1,
        null,
        null,
        1,
        null,
        null,
        null,
        null,
        1,
        2,
        null,
        null
      ],
      "/Users/owl/voxie/app/controllers/application_controller.rb": [
        null,
        1,
        null,
        1,
        null,
        1,
        null,
        null,
        1,
        0,
        null,
        null
      ],
      "/Users/owl/voxie/app/helpers/application_helper.rb": [
        null,
        null,
        null,
        1,
        null,
        1,
        0,
        null,
        0,
        null,
        0,
        null,
        0,
        null,
        null,
        null
      ],
      "/Users/owl/voxie/app/controllers/photons_controller.rb": [
        null,
        1,
        1,
        null
      ],
      "/Users/owl/voxie/app/models/ability.rb": [
        null,
        null,
        1,
        null,
        1,
        null,
        null,
        null,
        1,
        0,
        0,
        0,
        null,
        0,
        null,
        null,
        null
      ]
    },
    "timestamp": 1371535941
  },
  "Cucumber Features": {
    "coverage": {
      "/Users/owl/voxie/app/models/user.rb": [
        null,
        1,
        null,
        null,
        null,
        1,
        null,
        null,
        1,
        null,
        null,
        null,
        null,
        null,
        null,
        null,
        null,
        null
      ],
      "/Users/owl/voxie/app/controllers/application_controller.rb": [
        null,
        1,
        null,
        1,
        null,
        1,
        null,
        null,
        null,
        null,
        null,
        null,
        null
      ],
      "/Users/owl/voxie/app/helpers/application_helper.rb": [
        null,
        null,
        null,
        1,
        null,
        1,
        3,
        null,
        1,
        null,
        1,
        null,
        1,
        null,
        null,
        null,
        null,
        null,
        null,
        null,
        1,
        6,
        null,
        null
      ],
      "/Users/owl/voxie/app/controllers/photons_controller.rb": [
        null,
        1,
        1,
        null
      ],
      "/Users/owl/voxie/app/models/ability.rb": [
        null,
        null,
        1,
        null,
        1,
        null,
        null,
        null,
        null,
        null,
        null,
        null,
        null,
        null,
        null,
        null,
        null,
        null
      ]
    },
    "timestamp": 1371537833
  }
}
